<?xml version="1.0" encoding="UTF-8"?>
<!-- Generated by org.testng.reporters.JUnitXMLReporter -->
<testsuite ignored="0" hostname="LAPTOP-8EKN6F31" failures="1" tests="1" name="Validating title in the Page" time="14.532" errors="0" timestamp="22 Feb 2018 16:42:42 GMT">
  <testcase classname="Academy.validateTitle" name="validateAppTitle" time="0.099">
    <failure type="java.lang.AssertionError" message="expected [FEATURED CO123URSES] but found [FEATURED COURSES]">
      <![CDATA[java.lang.AssertionError: expected [FEATURED CO123URSES] but found [FEATURED COURSES]at Academy.validateTitle.validateAppTitle(validateTitle.java:41)... Removed 31 stack frames]]>
    </failure>
  </testcase> <!-- validateAppTitle -->
</testsuite> <!-- Validating title in the Page -->
